<?xml version="1.0" encoding="UTF-8"?>
<testsuite xmlns:xsi="http://www.w3.org/2001/XMLSchema-instance" xsi:noNamespaceSchemaLocation="https://maven.apache.org/surefire/maven-surefire-plugin/xsd/surefire-test-report.xsd" name="com.example.AppTest" time="0.01" tests="1" errors="0" skipped="0" failures="0">
  <properties>
    <property name="java.specification.version" value="24"/>
    <property name="sun.jnu.encoding" value="UTF-8"/>
    <property name="java.class.path" value="/Users/shivanshpathania/Desktop/TeamCollab/SpringBootEvaluation1/target/test-classes:/Users/shivanshpathania/Desktop/TeamCollab/SpringBootEvaluation1/target/classes:/Users/shivanshpathania/.m2/repository/org/springframework/boot/spring-boot-starter-web/2.7.18/spring-boot-starter-web-2.7.18.jar:/Users/shivanshpathania/.m2/repository/org/springframework/boot/spring-boot-starter/2.7.18/spring-boot-starter-2.7.18.jar:/Users/shivanshpathania/.m2/repository/org/springframework/boot/spring-boot/2.7.18/spring-boot-2.7.18.jar:/Users/shivanshpathania/.m2/repository/org/springframework/boot/spring-boot-autoconfigure/2.7.18/spring-boot-autoconfigure-2.7.18.jar:/Users/shivanshpathania/.m2/repository/org/springframework/boot/spring-boot-starter-logging/2.7.18/spring-boot-starter-logging-2.7.18.jar:/Users/shivanshpathania/.m2/repository/ch/qos/logback/logback-classic/1.2.12/logback-classic-1.2.12.jar:/Users/shivanshpathania/.m2/repository/ch/qos/logback/logback-core/1.2.12/logback-core-1.2.12.jar:/Users/shivanshpathania/.m2/repository/org/apache/logging/log4j/log4j-to-slf4j/2.17.2/log4j-to-slf4j-2.17.2.jar:/Users/shivanshpathania/.m2/repository/org/apache/logging/log4j/log4j-api/2.17.2/log4j-api-2.17.2.jar:/Users/shivanshpathania/.m2/repository/org/slf4j/jul-to-slf4j/1.7.36/jul-to-slf4j-1.7.36.jar:/Users/shivanshpathania/.m2/repository/jakarta/annotation/jakarta.annotation-api/1.3.5/jakarta.annotation-api-1.3.5.jar:/Users/shivanshpathania/.m2/repository/org/springframework/spring-core/5.3.31/spring-core-5.3.31.jar:/Users/shivanshpathania/.m2/repository/org/springframework/spring-jcl/5.3.31/spring-jcl-5.3.31.jar:/Users/shivanshpathania/.m2/repository/org/yaml/snakeyaml/1.30/snakeyaml-1.30.jar:/Users/shivanshpathania/.m2/repository/org/springframework/boot/spring-boot-starter-json/2.7.18/spring-boot-starter-json-2.7.18.jar:/Users/shivanshpathania/.m2/repository/com/fasterxml/jackson/core/jackson-databind/2.13.5/jackson-databind-2.13.5.jar:/Users/shivanshpathania/.m2/repository/com/fasterxml/jackson/core/jackson-annotations/2.13.5/jackson-annotations-2.13.5.jar:/Users/shivanshpathania/.m2/repository/com/fasterxml/jackson/core/jackson-core/2.13.5/jackson-core-2.13.5.jar:/Users/shivanshpathania/.m2/repository/com/fasterxml/jackson/datatype/jackson-datatype-jdk8/2.13.5/jackson-datatype-jdk8-2.13.5.jar:/Users/shivanshpathania/.m2/repository/com/fasterxml/jackson/datatype/jackson-datatype-jsr310/2.13.5/jackson-datatype-jsr310-2.13.5.jar:/Users/shivanshpathania/.m2/repository/com/fasterxml/jackson/module/jackson-module-parameter-names/2.13.5/jackson-module-parameter-names-2.13.5.jar:/Users/shivanshpathania/.m2/repository/org/springframework/boot/spring-boot-starter-tomcat/2.7.18/spring-boot-starter-tomcat-2.7.18.jar:/Users/shivanshpathania/.m2/repository/org/apache/tomcat/embed/tomcat-embed-core/9.0.83/tomcat-embed-core-9.0.83.jar:/Users/shivanshpathania/.m2/repository/org/apache/tomcat/embed/tomcat-embed-el/9.0.83/tomcat-embed-el-9.0.83.jar:/Users/shivanshpathania/.m2/repository/org/apache/tomcat/embed/tomcat-embed-websocket/9.0.83/tomcat-embed-websocket-9.0.83.jar:/Users/shivanshpathania/.m2/repository/org/springframework/spring-web/5.3.31/spring-web-5.3.31.jar:/Users/shivanshpathania/.m2/repository/org/springframework/spring-beans/5.3.31/spring-beans-5.3.31.jar:/Users/shivanshpathania/.m2/repository/org/springframework/spring-webmvc/5.3.31/spring-webmvc-5.3.31.jar:/Users/shivanshpathania/.m2/repository/org/springframework/spring-context/5.3.31/spring-context-5.3.31.jar:/Users/shivanshpathania/.m2/repository/org/springframework/spring-expression/5.3.31/spring-expression-5.3.31.jar:/Users/shivanshpathania/.m2/repository/org/springframework/boot/spring-boot-starter-security/2.7.18/spring-boot-starter-security-2.7.18.jar:/Users/shivanshpathania/.m2/repository/org/springframework/spring-aop/5.3.31/spring-aop-5.3.31.jar:/Users/shivanshpathania/.m2/repository/org/springframework/security/spring-security-config/5.7.11/spring-security-config-5.7.11.jar:/Users/shivanshpathania/.m2/repository/org/springframework/security/spring-security-core/5.7.11/spring-security-core-5.7.11.jar:/Users/shivanshpathania/.m2/repository/org/springframework/security/spring-security-crypto/5.7.11/spring-security-crypto-5.7.11.jar:/Users/shivanshpathania/.m2/repository/org/springframework/security/spring-security-web/5.7.11/spring-security-web-5.7.11.jar:/Users/shivanshpathania/.m2/repository/org/thymeleaf/extras/thymeleaf-extras-springsecurity5/3.0.5.RELEASE/thymeleaf-extras-springsecurity5-3.0.5.RELEASE.jar:/Users/shivanshpathania/.m2/repository/org/slf4j/slf4j-api/1.7.36/slf4j-api-1.7.36.jar:/Users/shivanshpathania/.m2/repository/org/springframework/boot/spring-boot-starter-jdbc/2.7.18/spring-boot-starter-jdbc-2.7.18.jar:/Users/shivanshpathania/.m2/repository/com/zaxxer/HikariCP/4.0.3/HikariCP-4.0.3.jar:/Users/shivanshpathania/.m2/repository/org/springframework/spring-jdbc/5.3.31/spring-jdbc-5.3.31.jar:/Users/shivanshpathania/.m2/repository/org/springframework/spring-tx/5.3.31/spring-tx-5.3.31.jar:/Users/shivanshpathania/.m2/repository/org/springframework/boot/spring-boot-starter-thymeleaf/2.7.18/spring-boot-starter-thymeleaf-2.7.18.jar:/Users/shivanshpathania/.m2/repository/org/thymeleaf/thymeleaf-spring5/3.0.15.RELEASE/thymeleaf-spring5-3.0.15.RELEASE.jar:/Users/shivanshpathania/.m2/repository/org/thymeleaf/thymeleaf/3.0.15.RELEASE/thymeleaf-3.0.15.RELEASE.jar:/Users/shivanshpathania/.m2/repository/org/attoparser/attoparser/2.0.5.RELEASE/attoparser-2.0.5.RELEASE.jar:/Users/shivanshpathania/.m2/repository/org/unbescape/unbescape/1.1.6.RELEASE/unbescape-1.1.6.RELEASE.jar:/Users/shivanshpathania/.m2/repository/org/thymeleaf/extras/thymeleaf-extras-java8time/3.0.4.RELEASE/thymeleaf-extras-java8time-3.0.4.RELEASE.jar:/Users/shivanshpathania/.m2/repository/com/mysql/mysql-connector-j/8.0.33/mysql-connector-j-8.0.33.jar:/Users/shivanshpathania/.m2/repository/junit/junit/3.8.1/junit-3.8.1.jar:"/>
    <property name="java.vm.vendor" value="Homebrew"/>
    <property name="sun.arch.data.model" value="64"/>
    <property name="java.vendor.url" value="https://github.com/Homebrew/homebrew-core/issues"/>
    <property name="os.name" value="Mac OS X"/>
    <property name="java.vm.specification.version" value="24"/>
    <property name="sun.java.launcher" value="SUN_STANDARD"/>
    <property name="user.country" value="IN"/>
    <property name="sun.boot.library.path" value="/opt/homebrew/Cellar/openjdk/24.0.1/libexec/openjdk.jdk/Contents/Home/lib"/>
    <property name="sun.java.command" value="/Users/shivanshpathania/Desktop/TeamCollab/SpringBootEvaluation1/target/surefire/surefirebooter13346335109474063060.jar /Users/shivanshpathania/Desktop/TeamCollab/SpringBootEvaluation1/target/surefire 2025-09-14T17-29-54_648-jvmRun1 surefire7358585710957326699tmp surefire_09485024682567219284tmp"/>
    <property name="http.nonProxyHosts" value="local|*.local|169.254/16|*.169.254/16"/>
    <property name="jdk.debug" value="release"/>
    <property name="surefire.test.class.path" value="/Users/shivanshpathania/Desktop/TeamCollab/SpringBootEvaluation1/target/test-classes:/Users/shivanshpathania/Desktop/TeamCollab/SpringBootEvaluation1/target/classes:/Users/shivanshpathania/.m2/repository/org/springframework/boot/spring-boot-starter-web/2.7.18/spring-boot-starter-web-2.7.18.jar:/Users/shivanshpathania/.m2/repository/org/springframework/boot/spring-boot-starter/2.7.18/spring-boot-starter-2.7.18.jar:/Users/shivanshpathania/.m2/repository/org/springframework/boot/spring-boot/2.7.18/spring-boot-2.7.18.jar:/Users/shivanshpathania/.m2/repository/org/springframework/boot/spring-boot-autoconfigure/2.7.18/spring-boot-autoconfigure-2.7.18.jar:/Users/shivanshpathania/.m2/repository/org/springframework/boot/spring-boot-starter-logging/2.7.18/spring-boot-starter-logging-2.7.18.jar:/Users/shivanshpathania/.m2/repository/ch/qos/logback/logback-classic/1.2.12/logback-classic-1.2.12.jar:/Users/shivanshpathania/.m2/repository/ch/qos/logback/logback-core/1.2.12/logback-core-1.2.12.jar:/Users/shivanshpathania/.m2/repository/org/apache/logging/log4j/log4j-to-slf4j/2.17.2/log4j-to-slf4j-2.17.2.jar:/Users/shivanshpathania/.m2/repository/org/apache/logging/log4j/log4j-api/2.17.2/log4j-api-2.17.2.jar:/Users/shivanshpathania/.m2/repository/org/slf4j/jul-to-slf4j/1.7.36/jul-to-slf4j-1.7.36.jar:/Users/shivanshpathania/.m2/repository/jakarta/annotation/jakarta.annotation-api/1.3.5/jakarta.annotation-api-1.3.5.jar:/Users/shivanshpathania/.m2/repository/org/springframework/spring-core/5.3.31/spring-core-5.3.31.jar:/Users/shivanshpathania/.m2/repository/org/springframework/spring-jcl/5.3.31/spring-jcl-5.3.31.jar:/Users/shivanshpathania/.m2/repository/org/yaml/snakeyaml/1.30/snakeyaml-1.30.jar:/Users/shivanshpathania/.m2/repository/org/springframework/boot/spring-boot-starter-json/2.7.18/spring-boot-starter-json-2.7.18.jar:/Users/shivanshpathania/.m2/repository/com/fasterxml/jackson/core/jackson-databind/2.13.5/jackson-databind-2.13.5.jar:/Users/shivanshpathania/.m2/repository/com/fasterxml/jackson/core/jackson-annotations/2.13.5/jackson-annotations-2.13.5.jar:/Users/shivanshpathania/.m2/repository/com/fasterxml/jackson/core/jackson-core/2.13.5/jackson-core-2.13.5.jar:/Users/shivanshpathania/.m2/repository/com/fasterxml/jackson/datatype/jackson-datatype-jdk8/2.13.5/jackson-datatype-jdk8-2.13.5.jar:/Users/shivanshpathania/.m2/repository/com/fasterxml/jackson/datatype/jackson-datatype-jsr310/2.13.5/jackson-datatype-jsr310-2.13.5.jar:/Users/shivanshpathania/.m2/repository/com/fasterxml/jackson/module/jackson-module-parameter-names/2.13.5/jackson-module-parameter-names-2.13.5.jar:/Users/shivanshpathania/.m2/repository/org/springframework/boot/spring-boot-starter-tomcat/2.7.18/spring-boot-starter-tomcat-2.7.18.jar:/Users/shivanshpathania/.m2/repository/org/apache/tomcat/embed/tomcat-embed-core/9.0.83/tomcat-embed-core-9.0.83.jar:/Users/shivanshpathania/.m2/repository/org/apache/tomcat/embed/tomcat-embed-el/9.0.83/tomcat-embed-el-9.0.83.jar:/Users/shivanshpathania/.m2/repository/org/apache/tomcat/embed/tomcat-embed-websocket/9.0.83/tomcat-embed-websocket-9.0.83.jar:/Users/shivanshpathania/.m2/repository/org/springframework/spring-web/5.3.31/spring-web-5.3.31.jar:/Users/shivanshpathania/.m2/repository/org/springframework/spring-beans/5.3.31/spring-beans-5.3.31.jar:/Users/shivanshpathania/.m2/repository/org/springframework/spring-webmvc/5.3.31/spring-webmvc-5.3.31.jar:/Users/shivanshpathania/.m2/repository/org/springframework/spring-context/5.3.31/spring-context-5.3.31.jar:/Users/shivanshpathania/.m2/repository/org/springframework/spring-expression/5.3.31/spring-expression-5.3.31.jar:/Users/shivanshpathania/.m2/repository/org/springframework/boot/spring-boot-starter-security/2.7.18/spring-boot-starter-security-2.7.18.jar:/Users/shivanshpathania/.m2/repository/org/springframework/spring-aop/5.3.31/spring-aop-5.3.31.jar:/Users/shivanshpathania/.m2/repository/org/springframework/security/spring-security-config/5.7.11/spring-security-config-5.7.11.jar:/Users/shivanshpathania/.m2/repository/org/springframework/security/spring-security-core/5.7.11/spring-security-core-5.7.11.jar:/Users/shivanshpathania/.m2/repository/org/springframework/security/spring-security-crypto/5.7.11/spring-security-crypto-5.7.11.jar:/Users/shivanshpathania/.m2/repository/org/springframework/security/spring-security-web/5.7.11/spring-security-web-5.7.11.jar:/Users/shivanshpathania/.m2/repository/org/thymeleaf/extras/thymeleaf-extras-springsecurity5/3.0.5.RELEASE/thymeleaf-extras-springsecurity5-3.0.5.RELEASE.jar:/Users/shivanshpathania/.m2/repository/org/slf4j/slf4j-api/1.7.36/slf4j-api-1.7.36.jar:/Users/shivanshpathania/.m2/repository/org/springframework/boot/spring-boot-starter-jdbc/2.7.18/spring-boot-starter-jdbc-2.7.18.jar:/Users/shivanshpathania/.m2/repository/com/zaxxer/HikariCP/4.0.3/HikariCP-4.0.3.jar:/Users/shivanshpathania/.m2/repository/org/springframework/spring-jdbc/5.3.31/spring-jdbc-5.3.31.jar:/Users/shivanshpathania/.m2/repository/org/springframework/spring-tx/5.3.31/spring-tx-5.3.31.jar:/Users/shivanshpathania/.m2/repository/org/springframework/boot/spring-boot-starter-thymeleaf/2.7.18/spring-boot-starter-thymeleaf-2.7.18.jar:/Users/shivanshpathania/.m2/repository/org/thymeleaf/thymeleaf-spring5/3.0.15.RELEASE/thymeleaf-spring5-3.0.15.RELEASE.jar:/Users/shivanshpathania/.m2/repository/org/thymeleaf/thymeleaf/3.0.15.RELEASE/thymeleaf-3.0.15.RELEASE.jar:/Users/shivanshpathania/.m2/repository/org/attoparser/attoparser/2.0.5.RELEASE/attoparser-2.0.5.RELEASE.jar:/Users/shivanshpathania/.m2/repository/org/unbescape/unbescape/1.1.6.RELEASE/unbescape-1.1.6.RELEASE.jar:/Users/shivanshpathania/.m2/repository/org/thymeleaf/extras/thymeleaf-extras-java8time/3.0.4.RELEASE/thymeleaf-extras-java8time-3.0.4.RELEASE.jar:/Users/shivanshpathania/.m2/repository/com/mysql/mysql-connector-j/8.0.33/mysql-connector-j-8.0.33.jar:/Users/shivanshpathania/.m2/repository/junit/junit/3.8.1/junit-3.8.1.jar:"/>
    <property name="sun.cpu.endian" value="little"/>
    <property name="user.home" value="/Users/shivanshpathania"/>
    <property name="user.language" value="en"/>
    <property name="java.specification.vendor" value="Oracle Corporation"/>
    <property name="java.version.date" value="2025-04-15"/>
    <property name="java.home" value="/opt/homebrew/Cellar/openjdk/24.0.1/libexec/openjdk.jdk/Contents/Home"/>
    <property name="file.separator" value="/"/>
    <property name="basedir" value="/Users/shivanshpathania/Desktop/TeamCollab/SpringBootEvaluation1"/>
    <property name="java.vm.compressedOopsMode" value="Zero based"/>
    <property name="line.separator" value="&#10;"/>
    <property name="java.vm.specification.vendor" value="Oracle Corporation"/>
    <property name="java.specification.name" value="Java Platform API Specification"/>
    <property name="apple.awt.application.name" value="ForkedBooter"/>
    <property name="surefire.real.class.path" value="/Users/shivanshpathania/Desktop/TeamCollab/SpringBootEvaluation1/target/surefire/surefirebooter13346335109474063060.jar"/>
    <property name="sun.management.compiler" value="HotSpot 64-Bit Tiered Compilers"/>
    <property name="ftp.nonProxyHosts" value="local|*.local|169.254/16|*.169.254/16"/>
    <property name="java.runtime.version" value="24.0.1"/>
    <property name="user.name" value="shivanshpathania"/>
    <property name="stdout.encoding" value="UTF-8"/>
    <property name="path.separator" value=":"/>
    <property name="os.version" value="15.6.1"/>
    <property name="java.runtime.name" value="OpenJDK Runtime Environment"/>
    <property name="file.encoding" value="UTF-8"/>
    <property name="java.vm.name" value="OpenJDK 64-Bit Server VM"/>
    <property name="java.vendor.version" value="Homebrew"/>
    <property name="localRepository" value="/Users/shivanshpathania/.m2/repository"/>
    <property name="java.vendor.url.bug" value="https://github.com/Homebrew/homebrew-core/issues"/>
    <property name="java.io.tmpdir" value="/var/folders/2q/zlhzt3_577b7l7c3psx6l9rr0000gn/T/"/>
    <property name="java.version" value="24.0.1"/>
    <property name="user.dir" value="/Users/shivanshpathania/Desktop/TeamCollab/SpringBootEvaluation1"/>
    <property name="os.arch" value="aarch64"/>
    <property name="java.vm.specification.name" value="Java Virtual Machine Specification"/>
    <property name="native.encoding" value="UTF-8"/>
    <property name="java.library.path" value="/Users/shivanshpathania/Library/Java/Extensions:/Library/Java/Extensions:/Network/Library/Java/Extensions:/System/Library/Java/Extensions:/usr/lib/java:."/>
    <property name="java.vm.info" value="mixed mode, sharing"/>
    <property name="stderr.encoding" value="UTF-8"/>
    <property name="java.vendor" value="Homebrew"/>
    <property name="java.vm.version" value="24.0.1"/>
    <property name="sun.io.unicode.encoding" value="UnicodeBig"/>
    <property name="socksNonProxyHosts" value="local|*.local|169.254/16|*.169.254/16"/>
    <property name="java.class.version" value="68.0"/>
  </properties>
  <testcase name="testApp" classname="com.example.AppTest" time="0.002"/>
</testsuite>